<?xml version="1.0" encoding="UTF-8"?>
<!-- Generated by org.testng.reporters.JUnitReportReporter -->
<testsuite skipped="1" hostname="INLH104910" name="com.sundayspecial.testcases.Setup" tests="2" failures="0" timestamp="2020-05-20T15:18:48 IST" time="-1589968128.000" errors="1">
  <testcase name="pu" time="0.000" classname="com.sundayspecial.testcases.Setup">
    <skipped/>
  </testcase> <!-- pu -->
  <testcase name="launchurl" time="-1589968128.000" classname="com.sundayspecial.testcases.Setup">
    <error type="org.testng.TestNGException" message="
Parameter &#039;url&#039; is required by BeforeSuite on method launchurl but has not been marked @Optional or defined
in C:\Users\z011615\AppData\Local\Temp\testng-eclipse--647649743\testng-customsuite.xml">
      <![CDATA[org.testng.TestNGException: 
Parameter 'url' is required by BeforeSuite on method launchurl but has not been marked @Optional or defined
in C:\Users\z011615\AppData\Local\Temp\testng-eclipse--647649743\testng-customsuite.xml
at org.testng.internal.Parameters.createParams(Parameters.java:289)
at org.testng.internal.Parameters.createParametersForMethod(Parameters.java:377)
at org.testng.internal.Parameters.createParameters(Parameters.java:721)
at org.testng.internal.Parameters.createConfigurationParameters(Parameters.java:164)
at org.testng.internal.ConfigInvoker.invokeConfigurations(ConfigInvoker.java:275)
at org.testng.SuiteRunner.privateRun(SuiteRunner.java:345)
at org.testng.SuiteRunner.run(SuiteRunner.java:304)
at org.testng.SuiteRunnerWorker.runSuite(SuiteRunnerWorker.java:53)
at org.testng.SuiteRunnerWorker.run(SuiteRunnerWorker.java:96)
at org.testng.TestNG.runSuitesSequentially(TestNG.java:1180)
at org.testng.TestNG.runSuitesLocally(TestNG.java:1102)
at org.testng.TestNG.runSuites(TestNG.java:1032)
at org.testng.TestNG.run(TestNG.java:1000)
at org.testng.remote.AbstractRemoteTestNG.run(AbstractRemoteTestNG.java:115)
at org.testng.remote.RemoteTestNG.initAndRun(RemoteTestNG.java:251)
at org.testng.remote.RemoteTestNG.main(RemoteTestNG.java:77)
]]>
    </error>
  </testcase> <!-- launchurl -->
</testsuite> <!-- com.sundayspecial.testcases.Setup -->
